huggingface/tokenizers: The current process just got forked, after parallelism has already been used. Disabling parallelism to avoid deadlocks...
To disable this warning, you can either:
	- Avoid using `tokenizers` before the fork if possible
	- Explicitly set the environment variable TOKENIZERS_PARALLELISM=(true | false)
huggingface/tokenizers: The current process just got forked, after parallelism has already been used. Disabling parallelism to avoid deadlocks...
To disable this warning, you can either:
	- Avoid using `tokenizers` before the fork if possible
	- Explicitly set the environment variable TOKENIZERS_PARALLELISM=(true | false)
Training models/encrypted/parallel-v2
Augmenting vocabulary with the following tokens:
  por1_Latn
  por2_Latn
Validating on a sample...
dev loss: 11.918487434387208
Saving new best model!
step 500 (train): 8.949553744316102
Validating on a sample...
dev loss: 7.199447689056396
Saving new best model!
step 1000 (train): 6.60837423992157
Validating on a sample...
dev loss: 6.1884086179733275
Saving new best model!
step 1500 (train): 5.768886843681336
Validating on a sample...
dev loss: 5.348603596687317
Saving new best model!
step 2000 (train): 5.149718546867371
Validating on a sample...
dev loss: 4.792144179344177
Saving new best model!
step 2500 (train): 4.606306593418122
Validating on a sample...
dev loss: 4.276464829444885
Saving new best model!
step 3000 (train): 4.221144947052002
Validating on a sample...
dev loss: 3.892923970222473
Saving new best model!
step 3500 (train): 3.8691636366844175
Validating on a sample...
dev loss: 3.589650983810425
Saving new best model!
step 4000 (train): 3.552766541481018
Validating on a sample...
dev loss: 3.2965192079544066
Saving new best model!
step 4500 (train): 3.411356836795807
Validating on a sample...
dev loss: 3.1522227835655214
Saving new best model!
step 5000 (train): 3.212667119979858
Validating on a sample...
dev loss: 2.9589724588394164
Saving new best model!
step 5500 (train): 3.0100557107925416
Validating on a sample...
dev loss: 2.860123393535614
Saving new best model!
step 6000 (train): 2.871521059751511
Validating on a sample...
dev loss: 2.6635081481933596
Saving new best model!
step 6500 (train): 2.7201210181713105
Validating on a sample...
dev loss: 2.6217699790000917
Saving new best model!
step 7000 (train): 2.6250482165813445
Validating on a sample...
dev loss: 2.508671703338623
Saving new best model!
step 7500 (train): 2.56222798037529
Validating on a sample...
dev loss: 2.427487412691116
Saving new best model!
step 8000 (train): 2.4537857553958893
Validating on a sample...
dev loss: 2.3645430254936217
Saving new best model!
step 8500 (train): 2.3568035900592803
Validating on a sample...
dev loss: 2.3162600684165953
Saving new best model!
step 9000 (train): 2.2844046833515166
Validating on a sample...
dev loss: 2.2556514286994935
Saving new best model!
step 9500 (train): 2.194898422241211
Validating on a sample...
dev loss: 2.21486582159996
Saving new best model!
step 10000 (train): 2.1135402991771697
Validating on a sample...
dev loss: 2.173351401090622
Saving new best model!
step 10500 (train): 2.09630917096138
Validating on a sample...
dev loss: 2.152163590192795
Saving new best model!
step 11000 (train): 2.0465007438659666
Validating on a sample...
dev loss: 2.069115948677063
Saving new best model!
step 11500 (train): 1.974118551492691
Validating on a sample...
dev loss: 2.075588072538376
Model is worse than the best so far. Current patience: 9
step 12000 (train): 1.9271280188560487
Validating on a sample...
dev loss: 2.0416145396232603
Saving new best model!
step 12500 (train): 1.856314739227295
Validating on a sample...
dev loss: 2.020363837480545
Saving new best model!
step 13000 (train): 1.8086094799041748
Validating on a sample...
dev loss: 2.0217731726169585
Model is worse than the best so far. Current patience: 9
step 13500 (train): 1.7824971659183502
Validating on a sample...
dev loss: 1.9862242245674133
Saving new best model!
step 14000 (train): 1.784642417192459
Validating on a sample...
dev loss: 1.9338987386226654
Saving new best model!
step 14500 (train): 1.712553911805153
Validating on a sample...
dev loss: 1.9606748819351196
Model is worse than the best so far. Current patience: 9
step 15000 (train): 1.6580230313539506
Validating on a sample...
dev loss: 1.9216773438453674
Saving new best model!
step 15500 (train): 1.60950476872921
Validating on a sample...
dev loss: 1.9232656073570251
Model is worse than the best so far. Current patience: 9
step 16000 (train): 1.6009235318899155
Validating on a sample...
dev loss: 1.8935029852390288
Saving new best model!
step 16500 (train): 1.5760811606645584
Validating on a sample...
dev loss: 1.8864570844173432
Saving new best model!
step 17000 (train): 1.5460306825637817
Validating on a sample...
dev loss: 1.8692526721954346
Saving new best model!
step 17500 (train): 1.5076996002197265
Validating on a sample...
dev loss: 1.8494079387187958
Saving new best model!
step 18000 (train): 1.4674073283672333
Validating on a sample...
dev loss: 1.8994812428951264
Model is worse than the best so far. Current patience: 9
step 18500 (train): 1.4374977240562439
Validating on a sample...
dev loss: 1.8665192687511445
Model is worse than the best so far. Current patience: 8
step 19000 (train): 1.4080433319807053
Validating on a sample...
dev loss: 1.855805732011795
Model is worse than the best so far. Current patience: 7
step 19500 (train): 1.394031492471695
Validating on a sample...
dev loss: 1.8504749596118928
Model is worse than the best so far. Current patience: 6
step 20000 (train): 1.382681900858879
Validating on a sample...
dev loss: 1.8379322755336762
Saving new best model!
step 20500 (train): 1.353253185749054
Validating on a sample...
dev loss: 1.8066246247291564
Saving new best model!
step 21000 (train): 1.3243312385082244
Validating on a sample...
dev loss: 1.8476595664024353
Model is worse than the best so far. Current patience: 9
step 21500 (train): 1.2936580629348755
Validating on a sample...
dev loss: 1.8524798917770386
Model is worse than the best so far. Current patience: 8
step 22000 (train): 1.253686287522316
Validating on a sample...
dev loss: 1.835437580347061
Model is worse than the best so far. Current patience: 7
step 22500 (train): 1.2382272653579711
Validating on a sample...
dev loss: 1.8396221268177033
Model is worse than the best so far. Current patience: 6
step 23000 (train): 1.244535180926323
Validating on a sample...
dev loss: 1.8250600492954254
Model is worse than the best so far. Current patience: 5
step 23500 (train): 1.2202775095701217
Validating on a sample...
dev loss: 1.8336815559864044
Model is worse than the best so far. Current patience: 4
step 24000 (train): 1.183651358485222
Validating on a sample...
dev loss: 1.8437212800979614
Model is worse than the best so far. Current patience: 3
step 24500 (train): 1.1606661614179612
Validating on a sample...
dev loss: 1.8152937006950378
Model is worse than the best so far. Current patience: 2
step 25000 (train): 1.1325903339385985
Validating on a sample...
dev loss: 1.8782641673088074
Model is worse than the best so far. Current patience: 1
step 25500 (train): 1.1178587861061096
Validating on a sample...
dev loss: 1.8402926623821259
Model is worse than the best so far. Current patience: 0
BLEU: 26.60417677902443
Chrf: 50.51298457061275
BLEU: 25.512008920987554
Chrf: 52.2653585723877
