wrote data to test.csv
[('eng_Latn', 'por2_Latn'), ('eng_Latn', 'por1_Latn')]
huggingface/tokenizers: The current process just got forked, after parallelism has already been used. Disabling parallelism to avoid deadlocks...
To disable this warning, you can either:
	- Avoid using `tokenizers` before the fork if possible
	- Explicitly set the environment variable TOKENIZERS_PARALLELISM=(true | false)
huggingface/tokenizers: The current process just got forked, after parallelism has already been used. Disabling parallelism to avoid deadlocks...
To disable this warning, you can either:
	- Avoid using `tokenizers` before the fork if possible
	- Explicitly set the environment variable TOKENIZERS_PARALLELISM=(true | false)
Training models/encrypted/not_parallel-v0
Augmenting vocabulary with the following tokens:
  por1_Latn
  por2_Latn
Validating on a sample...
dev loss: 11.99560212135315
Saving new best model!
step 500 (train): 8.815714742660523
Validating on a sample...
dev loss: 6.9975849056243895
Saving new best model!
step 1000 (train): 6.4227396688461305
Validating on a sample...
dev loss: 5.956214170455933
Saving new best model!
step 1500 (train): 5.4729154052734375
Validating on a sample...
dev loss: 5.070894794464111
Saving new best model!
step 2000 (train): 4.802942137718201
Validating on a sample...
dev loss: 4.464675078392029
Saving new best model!
step 2500 (train): 4.331697754859924
Validating on a sample...
dev loss: 3.9615506196022032
Saving new best model!
step 3000 (train): 3.9643757309913634
Validating on a sample...
dev loss: 3.5830969834327697
Saving new best model!
step 3500 (train): 3.6091743111610413
Validating on a sample...
dev loss: 3.3140232872962954
Saving new best model!
step 4000 (train): 3.355100604057312
Validating on a sample...
dev loss: 3.078218445777893
Saving new best model!
step 4500 (train): 3.130560748100281
Validating on a sample...
dev loss: 2.9072696113586427
Saving new best model!
step 5000 (train): 2.9668440480232237
Validating on a sample...
dev loss: 2.7779524064064027
Saving new best model!
step 5500 (train): 2.8264529056549073
Validating on a sample...
dev loss: 2.6413138723373413
Saving new best model!
step 6000 (train): 2.7048570618629455
Validating on a sample...
dev loss: 2.5409094858169556
Saving new best model!
step 6500 (train): 2.5823054730892183
Validating on a sample...
dev loss: 2.4310950422286988
Saving new best model!
step 7000 (train): 2.4644453632831573
Validating on a sample...
dev loss: 2.348254029750824
Saving new best model!
step 7500 (train): 2.366817549943924
Validating on a sample...
dev loss: 2.286381720304489
Saving new best model!
step 8000 (train): 2.2842683701515196
Validating on a sample...
dev loss: 2.1980661284923553
Saving new best model!
step 8500 (train): 2.2109424304962157
Validating on a sample...
dev loss: 2.1685808634757997
Saving new best model!
step 9000 (train): 2.1631864085197448
Validating on a sample...
dev loss: 2.139156677722931
Saving new best model!
step 9500 (train): 2.0804177191257476
Validating on a sample...
dev loss: 2.07275927066803
Saving new best model!
step 10000 (train): 2.033346244096756
Validating on a sample...
dev loss: 2.0563422548770904
Saving new best model!
step 10500 (train): 1.9947704410552978
Validating on a sample...
dev loss: 1.9919893836975098
Saving new best model!
step 11000 (train): 1.90801899433136
Validating on a sample...
dev loss: 1.959705581665039
Saving new best model!
step 11500 (train): 1.8593816059827803
Validating on a sample...
dev loss: 1.970626038312912
Model is worse than the best so far. Current patience: 9
step 12000 (train): 1.8435470402240752
Validating on a sample...
dev loss: 1.9218210530281068
Saving new best model!
step 12500 (train): 1.7853892278671264
Validating on a sample...
dev loss: 1.8978942215442658
Saving new best model!
step 13000 (train): 1.780986621260643
Validating on a sample...
dev loss: 1.878701751232147
Saving new best model!
step 13500 (train): 1.738675077199936
Validating on a sample...
dev loss: 1.8271561610698699
Saving new best model!
step 14000 (train): 1.6623397949934007
Validating on a sample...
dev loss: 1.832396057844162
Model is worse than the best so far. Current patience: 9
step 14500 (train): 1.6383171305656432
Validating on a sample...
dev loss: 1.8313458716869355
Model is worse than the best so far. Current patience: 8
step 15000 (train): 1.6212968989610672
Validating on a sample...
dev loss: 1.822962350845337
Saving new best model!
step 15500 (train): 1.5996377041339875
Validating on a sample...
dev loss: 1.7823632276058197
Saving new best model!
step 16000 (train): 1.5590422916412354
Validating on a sample...
dev loss: 1.756207638978958
Saving new best model!
step 16500 (train): 1.5374149581193923
Validating on a sample...
dev loss: 1.7766054916381835
Model is worse than the best so far. Current patience: 9
step 17000 (train): 1.504416265487671
Validating on a sample...
dev loss: 1.7598900127410888
Model is worse than the best so far. Current patience: 8
step 17500 (train): 1.4671257443428039
Validating on a sample...
dev loss: 1.7627264583110809
Model is worse than the best so far. Current patience: 7
step 18000 (train): 1.442671173930168
Validating on a sample...
dev loss: 1.7392711782455443
Saving new best model!
step 18500 (train): 1.4476521494388581
Validating on a sample...
dev loss: 1.7151949989795685
Saving new best model!
step 19000 (train): 1.3980232461690902
Validating on a sample...
dev loss: 1.7193352210521697
Model is worse than the best so far. Current patience: 9
step 19500 (train): 1.3984155256748199
Validating on a sample...
dev loss: 1.6904823863506317
Saving new best model!
step 20000 (train): 1.3847529364824296
Validating on a sample...
dev loss: 1.6849216985702515
Saving new best model!
step 20500 (train): 1.3111273725032806
Validating on a sample...
dev loss: 1.6817519962787628
Saving new best model!
step 21000 (train): 1.3105814691781998
Validating on a sample...
dev loss: 1.7240900671482087
Model is worse than the best so far. Current patience: 9
step 21500 (train): 1.310060923218727
Validating on a sample...
dev loss: 1.6618392193317413
Saving new best model!
step 22000 (train): 1.269416307091713
Validating on a sample...
dev loss: 1.6870972883701325
Model is worse than the best so far. Current patience: 9
step 22500 (train): 1.2864978741407394
Validating on a sample...
dev loss: 1.660182535648346
Saving new best model!
step 23000 (train): 1.2581363521814346
Validating on a sample...
dev loss: 1.6570923125743866
Saving new best model!
step 23500 (train): 1.2137574043273927
Validating on a sample...
dev loss: 1.6855203771591187
Model is worse than the best so far. Current patience: 9
step 24000 (train): 1.1947487699985504
Validating on a sample...
dev loss: 1.650585024356842
Saving new best model!
step 24500 (train): 1.1853854137659072
Validating on a sample...
dev loss: 1.6770815539360047
Model is worse than the best so far. Current patience: 9
step 25000 (train): 1.1750201355218888
Validating on a sample...
dev loss: 1.6499969244003296
Saving new best model!
step 25500 (train): 1.1829150297641755
Validating on a sample...
dev loss: 1.662337554693222
Model is worse than the best so far. Current patience: 9
step 26000 (train): 1.157937224984169
Validating on a sample...
dev loss: 1.6713711273670198
Model is worse than the best so far. Current patience: 8
step 26500 (train): 1.1088721101880075
Validating on a sample...
dev loss: 1.6328638637065886
Saving new best model!
step 27000 (train): 1.0968605831861495
Validating on a sample...
dev loss: 1.7017740333080291
Model is worse than the best so far. Current patience: 9
step 27500 (train): 1.099017243027687
Validating on a sample...
dev loss: 1.6566987824440003
Model is worse than the best so far. Current patience: 8
step 28000 (train): 1.0912682625055312
Validating on a sample...
dev loss: 1.6541503536701203
Model is worse than the best so far. Current patience: 7
step 28500 (train): 1.0690473251342774
Validating on a sample...
dev loss: 1.6640330350399017
Model is worse than the best so far. Current patience: 6
step 29000 (train): 1.067374898314476
Validating on a sample...
dev loss: 1.6789665019512177
Model is worse than the best so far. Current patience: 5
step 29500 (train): 1.0396192652583123
Validating on a sample...
dev loss: 1.6831090307235719
Model is worse than the best so far. Current patience: 4
step 30000 (train): 1.0166395497322083
Validating on a sample...
dev loss: 1.681828637123108
Model is worse than the best so far. Current patience: 3
step 30500 (train): 1.0022668406963349
Validating on a sample...
dev loss: 1.6699309158325195
Model is worse than the best so far. Current patience: 2
step 31000 (train): 1.0090570669174195
Validating on a sample...
dev loss: 1.6789083456993104
Model is worse than the best so far. Current patience: 1
step 31500 (train): 0.9806911062002182
Validating on a sample...
dev loss: 1.6824100458621978
Model is worse than the best so far. Current patience: 0
BLEU: 29.127180430473384
Chrf: 51.735734845690175
BLEU: 30.21813132294034
Chrf: 54.392563328697406
